<?xml version="1.0" encoding="UTF-8"?>
<!-- Generated by org.testng.reporters.JUnitXMLReporter -->
<testsuite ignored="0" hostname="AngelsDen" failures="0" tests="4" name="Surefire test" time="49.043" errors="0" timestamp="2022-06-26T22:41:31 IST">
  <testcase classname="com.maven.test.TestSeries" name="AutoOne" time="3.242"/>
  <testcase classname="com.maven.test.TestSeries" name="AutoTwo" time="3.735"/>
  <testcase classname="com.maven.test.TestSeries" name="AutoThree" time="3.273"/>
  <testcase classname="com.maven.test.TestSeries" name="AutoFour" time="3.702"/>
</testsuite> <!-- Surefire test -->
