<?xml version="1.0" encoding="UTF-8"?>
<!-- Generated by org.testng.reporters.JUnitXMLReporter -->
<testsuite ignored="0" hostname="AngelsDen" failures="0" tests="4" name="Default test" time="50.53" errors="0" timestamp="2022-06-26T20:55:49 IST">
  <testcase classname="com.maven.test.TestSeries" name="AutoOne" time="3.345"/>
  <testcase classname="com.maven.test.TestSeries" name="AutoTwo" time="3.785"/>
  <testcase classname="com.maven.test.TestSeries" name="AutoThree" time="3.279"/>
  <testcase classname="com.maven.test.TestSeries" name="AutoFour" time="3.708"/>
</testsuite> <!-- Default test -->
