<?xml version="1.0" encoding="UTF-8"?>
<testsuite xmlns:xsi="http://www.w3.org/2001/XMLSchema-instance" xsi:noNamespaceSchemaLocation="https://maven.apache.org/surefire/maven-surefire-plugin/xsd/surefire-test-report-3.0.xsd" version="3.0" name="com.maven.test.TestSeries" time="49.482" tests="4" errors="0" skipped="0" failures="0">
  <properties>
[...]
</properties>
  <testcase name="AutoOne" classname="com.maven.test.TestSeries" time="3.242">
    <system-err><![CDATA[SLF4J: Failed to load class "org.slf4j.impl.StaticLoggerBinder".
SLF4J: Defaulting to no-operation (NOP) logger implementation
SLF4J: See http://www.slf4j.org/codes.html#StaticLoggerBinder for further details.
1656263444427	geckodriver	INFO	Listening on 127.0.0.1:50433
1656263444785	mozrunner::runner	INFO	Running command: "D:\\Program Files\\Mozilla Firefox\\firefox.exe" "--marionette" "--remote-debugging-port" "51534" "--remote-allow-hosts" "localhost" "--remote-allow-origins" "http://localhost:51534/" "-no-remote" "-profile" "C:\\Users\\Vysakh\\AppData\\Local\\Temp\\rust_mozprofilekVdp3C"
1656263447116	Marionette	INFO	Marionette enabled
console.warn: SearchSettings: "get: No settings file exists, new profile?" (new NotFoundError("Could not open the file at C:\\Users\\Vysakh\\AppData\\Local\\Temp\\rust_mozprofilekVdp3C\\search.json.mozlz4", (void 0)))
DevTools listening on ws://localhost:51534/devtools/browser/9301adfd-0b58-4c0a-bbe1-c6ff5518bc0d
1656263451961	Marionette	INFO	Listening on port 65180
Read port: 65180
1656263452015	RemoteAgent	WARN	TLS certificate errors will be ignored for this session
Jun 26, 2022 10:40:52 PM org.openqa.selenium.remote.ProtocolHandshake createSession
INFO: Detected upstream dialect: W3C
]]></system-err>
  </testcase>
  <testcase name="AutoTwo" classname="com.maven.test.TestSeries" time="3.734">
    <system-err><![CDATA[1656263458746	CDP	ERROR	Invalid browser preferences for CDP. Set "fission.webContentIsolationStrategy"to 0 and "fission.bfcacheInParent" to false before Firefox starts.
Jun 26, 2022 10:40:58 PM org.openqa.selenium.devtools.CdpVersionFinder findNearestMatch
INFO: Found exact CDP implementation for version 85
1656263458770	Marionette	INFO	Stopped listening on port 65180
[Parent 19504, IPC I/O Parent] WARNING: file /builds/worker/checkouts/gecko/ipc/chromium/src/base/process_util_win.cc:167
1656263459475	geckodriver	INFO	Listening on 127.0.0.1:53776
1656263459490	mozrunner::runner	INFO	Running command: "D:\\Program Files\\Mozilla Firefox\\firefox.exe" "--marionette" "--remote-debugging-port" "54187" "--remote-allow-hosts" "localhost" "--remote-allow-origins" "http://localhost:54187/" "-no-remote" "-profile" "C:\\Users\\Vysakh\\AppData\\Local\\Temp\\rust_mozprofilekAKCSb"
1656263459898	Marionette	INFO	Marionette enabled
console.warn: SearchSettings: "get: No settings file exists, new profile?" (new NotFoundError("Could not open the file at C:\\Users\\Vysakh\\AppData\\Local\\Temp\\rust_mozprofilekAKCSb\\search.json.mozlz4", (void 0)))
DevTools listening on ws://localhost:54187/devtools/browser/8a60d0b6-e3ac-4873-b4b5-e3cd426c3949
1656263461416	Marionette	INFO	Listening on port 65254
Read port: 65254
1656263461484	RemoteAgent	WARN	TLS certificate errors will be ignored for this session
Jun 26, 2022 10:41:01 PM org.openqa.selenium.remote.ProtocolHandshake createSession
INFO: Detected upstream dialect: W3C
]]></system-err>
  </testcase>
  <testcase name="AutoThree" classname="com.maven.test.TestSeries" time="3.273">
    <system-err><![CDATA[1656263471033	CDP	ERROR	Invalid browser preferences for CDP. Set "fission.webContentIsolationStrategy"to 0 and "fission.bfcacheInParent" to false before Firefox starts.
Jun 26, 2022 10:41:11 PM org.openqa.selenium.devtools.CdpVersionFinder findNearestMatch
INFO: Found exact CDP implementation for version 85
1656263471037	Marionette	INFO	Stopped listening on port 65254

###!!! [Parent][PGPUParent] Error: RunMessage(msgname=PGPU::Msg_ShutdownVR) Channel closing: too late to send/recv, messages will be lost

1656263471700	geckodriver	INFO	Listening on 127.0.0.1:63486
1656263471731	mozrunner::runner	INFO	Running command: "D:\\Program Files\\Mozilla Firefox\\firefox.exe" "--marionette" "--remote-debugging-port" "62381" "--remote-allow-hosts" "localhost" "--remote-allow-origins" "http://localhost:62381/" "-no-remote" "-profile" "C:\\Users\\Vysakh\\AppData\\Local\\Temp\\rust_mozprofileqaF9pj"
1656263472573	Marionette	INFO	Marionette enabled
console.warn: SearchSettings: "get: No settings file exists, new profile?" (new NotFoundError("Could not open the file at C:\\Users\\Vysakh\\AppData\\Local\\Temp\\rust_mozprofileqaF9pj\\search.json.mozlz4", (void 0)))
DevTools listening on ws://localhost:62381/devtools/browser/5494c53e-14eb-4ac3-a910-a5ca71cb007b
1656263473991	Marionette	INFO	Listening on port 65359
Read port: 65359
1656263474056	RemoteAgent	WARN	TLS certificate errors will be ignored for this session
Jun 26, 2022 10:41:14 PM org.openqa.selenium.remote.ProtocolHandshake createSession
INFO: Detected upstream dialect: W3C
]]></system-err>
  </testcase>
  <testcase name="AutoFour" classname="com.maven.test.TestSeries" time="3.702">
    <system-err><![CDATA[1656263482337	CDP	ERROR	Invalid browser preferences for CDP. Set "fission.webContentIsolationStrategy"to 0 and "fission.bfcacheInParent" to false before Firefox starts.
Jun 26, 2022 10:41:22 PM org.openqa.selenium.devtools.CdpVersionFinder findNearestMatch
INFO: Found exact CDP implementation for version 85
1656263482341	Marionette	INFO	Stopped listening on port 65359

###!!! [Parent][PGPUParent] Error: RunMessage(msgname=PGPU::Msg_ShutdownVR) Channel closing: too late to send/recv, messages will be lost

1656263482987	geckodriver	INFO	Listening on 127.0.0.1:63453
1656263483007	mozrunner::runner	INFO	Running command: "D:\\Program Files\\Mozilla Firefox\\firefox.exe" "--marionette" "--remote-debugging-port" "64295" "--remote-allow-hosts" "localhost" "--remote-allow-origins" "http://localhost:64295/" "-no-remote" "-profile" "C:\\Users\\Vysakh\\AppData\\Local\\Temp\\rust_mozprofileMgybgr"
1656263483349	Marionette	INFO	Marionette enabled
console.warn: SearchSettings: "get: No settings file exists, new profile?" (new NotFoundError("Could not open the file at C:\\Users\\Vysakh\\AppData\\Local\\Temp\\rust_mozprofileMgybgr\\search.json.mozlz4", (void 0)))
DevTools listening on ws://localhost:64295/devtools/browser/fe8baccb-9f3b-4e61-9901-4ee795ad84af
1656263484827	Marionette	INFO	Listening on port 65434
Read port: 65434
1656263484903	RemoteAgent	WARN	TLS certificate errors will be ignored for this session
Jun 26, 2022 10:41:24 PM org.openqa.selenium.remote.ProtocolHandshake createSession
INFO: Detected upstream dialect: W3C
]]></system-err>
  </testcase>
</testsuite>