<?xml version="1.0" encoding="UTF-8"?>
<testng-results ignored="0" total="4" passed="4" failed="0" skipped="0">
  <reporter-output>
  </reporter-output>
  <suite started-at="2022-06-26T20:54:59 IST" name="Default suite" finished-at="2022-06-26T20:55:49 IST" duration-ms="50530">
    <groups>
    </groups>
    <test started-at="2022-06-26T20:54:59 IST" name="Default test" finished-at="2022-06-26T20:55:49 IST" duration-ms="50530">
      <class name="com.maven.test.TestSeries">
        <test-method is-config="true" signature="prep()[pri:0, instance:com.maven.test.TestSeries@4550bb58]" started-at="2022-06-26T20:54:59 IST" name="prep" finished-at="2022-06-26T20:55:15 IST" duration-ms="16593" status="PASS">
          <reporter-output>
          </reporter-output>
        </test-method> <!-- prep -->
        <test-method signature="AutoOne()[pri:1, instance:com.maven.test.TestSeries@4550bb58]" started-at="2022-06-26T20:55:15 IST" name="AutoOne" finished-at="2022-06-26T20:55:19 IST" duration-ms="3345" status="PASS">
          <reporter-output>
          </reporter-output>
        </test-method> <!-- AutoOne -->
        <test-method is-config="true" signature="shutdown()[pri:0, instance:com.maven.test.TestSeries@4550bb58]" started-at="2022-06-26T20:55:19 IST" name="shutdown" finished-at="2022-06-26T20:55:20 IST" duration-ms="802" status="PASS">
          <reporter-output>
          </reporter-output>
        </test-method> <!-- shutdown -->
        <test-method is-config="true" signature="prep()[pri:0, instance:com.maven.test.TestSeries@4550bb58]" started-at="2022-06-26T20:55:20 IST" name="prep" finished-at="2022-06-26T20:55:27 IST" duration-ms="7048" status="PASS">
          <reporter-output>
          </reporter-output>
        </test-method> <!-- prep -->
        <test-method signature="AutoTwo()[pri:2, instance:com.maven.test.TestSeries@4550bb58]" started-at="2022-06-26T20:55:27 IST" name="AutoTwo" finished-at="2022-06-26T20:55:30 IST" duration-ms="3785" status="PASS">
          <reporter-output>
          </reporter-output>
        </test-method> <!-- AutoTwo -->
        <test-method is-config="true" signature="shutdown()[pri:0, instance:com.maven.test.TestSeries@4550bb58]" started-at="2022-06-26T20:55:30 IST" name="shutdown" finished-at="2022-06-26T20:55:31 IST" duration-ms="604" status="PASS">
          <reporter-output>
          </reporter-output>
        </test-method> <!-- shutdown -->
        <test-method is-config="true" signature="prep()[pri:0, instance:com.maven.test.TestSeries@4550bb58]" started-at="2022-06-26T20:55:31 IST" name="prep" finished-at="2022-06-26T20:55:36 IST" duration-ms="5307" status="PASS">
          <reporter-output>
          </reporter-output>
        </test-method> <!-- prep -->
        <test-method signature="AutoThree()[pri:3, instance:com.maven.test.TestSeries@4550bb58]" started-at="2022-06-26T20:55:36 IST" name="AutoThree" finished-at="2022-06-26T20:55:40 IST" duration-ms="3279" status="PASS">
          <reporter-output>
          </reporter-output>
        </test-method> <!-- AutoThree -->
        <test-method is-config="true" signature="shutdown()[pri:0, instance:com.maven.test.TestSeries@4550bb58]" started-at="2022-06-26T20:55:40 IST" name="shutdown" finished-at="2022-06-26T20:55:40 IST" duration-ms="489" status="PASS">
          <reporter-output>
          </reporter-output>
        </test-method> <!-- shutdown -->
        <test-method is-config="true" signature="prep()[pri:0, instance:com.maven.test.TestSeries@4550bb58]" started-at="2022-06-26T20:55:40 IST" name="prep" finished-at="2022-06-26T20:55:45 IST" duration-ms="4880" status="PASS">
          <reporter-output>
          </reporter-output>
        </test-method> <!-- prep -->
        <test-method signature="AutoFour()[pri:4, instance:com.maven.test.TestSeries@4550bb58]" started-at="2022-06-26T20:55:45 IST" name="AutoFour" finished-at="2022-06-26T20:55:49 IST" duration-ms="3708" status="PASS">
          <reporter-output>
          </reporter-output>
        </test-method> <!-- AutoFour -->
        <test-method is-config="true" signature="shutdown()[pri:0, instance:com.maven.test.TestSeries@4550bb58]" started-at="2022-06-26T20:55:49 IST" name="shutdown" finished-at="2022-06-26T20:55:49 IST" duration-ms="624" status="PASS">
          <reporter-output>
          </reporter-output>
        </test-method> <!-- shutdown -->
      </class> <!-- com.maven.test.TestSeries -->
    </test> <!-- Default test -->
  </suite> <!-- Default suite -->
</testng-results>
